[1008/070943.038:ERROR:directory_reader_win.cc(43)] FindFirstFile: The system cannot find the path specified. (0x3)
[1008/082026.552:ERROR:process_info.cc(359)] UncheckedAllocate
[1008/082027.552:ERROR:process_info.cc(359)] UncheckedAllocate
[1008/082028.556:ERROR:process_info.cc(359)] UncheckedAllocate
[1008/082029.560:ERROR:process_info.cc(359)] UncheckedAllocate
[1008/082030.564:ERROR:process_info.cc(359)] UncheckedAllocate
[1008/082031.568:ERROR:process_info.cc(359)] UncheckedAllocate
[1008/082032.573:ERROR:process_info.cc(359)] UncheckedAllocate
[1008/082033.581:ERROR:process_info.cc(359)] UncheckedAllocate
[1008/082034.584:ERROR:process_info.cc(359)] UncheckedAllocate
[1008/082036.591:ERROR:filesystem_win.cc(148)] DeleteFile C:\Users\Deepika\AppData\Local\Google\Chrome\User Data\Crashpad\reports\d9332b98-3cb5-458b-aa04-22d0dd5c465c.dmp: The process cannot access the file because it is being used by another process. (0x20)
[1008/082036.591:ERROR:filesystem_win.cc(148)] DeleteFile C:\Users\Deepika\AppData\Local\Google\Chrome\User Data\Crashpad\reports\8c29a2e3-9f38-41a1-8ddc-091571a2d8a8.dmp: The process cannot access the file because it is being used by another process. (0x20)
[1008/082036.591:ERROR:filesystem_win.cc(148)] DeleteFile C:\Users\Deepika\AppData\Local\Google\Chrome\User Data\Crashpad\reports\23535c13-c6f2-45bf-ac78-a975dfbb3f42.dmp: The process cannot access the file because it is being used by another process. (0x20)
[1008/082036.596:ERROR:filesystem_win.cc(148)] DeleteFile C:\Users\Deepika\AppData\Local\Google\Chrome\User Data\Crashpad\reports\dd3888a3-c12e-483f-8973-5900745c2e87.dmp: The process cannot access the file because it is being used by another process. (0x20)
[1008/082036.596:ERROR:filesystem_win.cc(148)] DeleteFile C:\Users\Deepika\AppData\Local\Google\Chrome\User Data\Crashpad\reports\381f9ed3-5df2-499a-bee4-2b3239ee6c7d.dmp: The process cannot access the file because it is being used by another process. (0x20)
[1008/082036.597:ERROR:filesystem_win.cc(148)] DeleteFile C:\Users\Deepika\AppData\Local\Google\Chrome\User Data\Crashpad\reports\95eac993-beeb-453e-8b71-a327e71d3263.dmp: The process cannot access the file because it is being used by another process. (0x20)
[1008/082036.597:ERROR:filesystem_win.cc(148)] DeleteFile C:\Users\Deepika\AppData\Local\Google\Chrome\User Data\Crashpad\reports\d5302c90-d199-49d0-b0f3-b88c4e586121.dmp: The process cannot access the file because it is being used by another process. (0x20)
[1008/082037.456:ERROR:filesystem_win.cc(129)] GetFileAttributes C:\Users\Deepika\AppData\Local\Google\Chrome\User Data\Crashpad\attachments\52e1cf3e-5ad0-49b9-956d-6a0a5b8deecd: The system cannot find the path specified. (0x3)
[1009/010509.143:ERROR:directory_reader_win.cc(43)] FindFirstFile: The system cannot find the path specified. (0x3)
[1010/042353.148:ERROR:directory_reader_win.cc(43)] FindFirstFile: The system cannot find the path specified. (0x3)
[1011/001203.281:ERROR:directory_reader_win.cc(43)] FindFirstFile: The system cannot find the path specified. (0x3)
[1011/051844.286:ERROR:directory_reader_win.cc(43)] FindFirstFile: The system cannot find the path specified. (0x3)
[1011/060609.834:ERROR:directory_reader_win.cc(43)] FindFirstFile: The system cannot find the path specified. (0x3)
[1011/102428.601:ERROR:filesystem_win.cc(129)] GetFileAttributes C:\Users\Deepika\AppData\Local\Google\Chrome\User Data\Crashpad\attachments\23535c13-c6f2-45bf-ac78-a975dfbb3f42: The system cannot find the path specified. (0x3)
[1011/102428.632:ERROR:filesystem_win.cc(129)] GetFileAttributes C:\Users\Deepika\AppData\Local\Google\Chrome\User Data\Crashpad\attachments\381f9ed3-5df2-499a-bee4-2b3239ee6c7d: The system cannot find the path specified. (0x3)
[1011/102428.648:ERROR:filesystem_win.cc(129)] GetFileAttributes C:\Users\Deepika\AppData\Local\Google\Chrome\User Data\Crashpad\attachments\8c29a2e3-9f38-41a1-8ddc-091571a2d8a8: The system cannot find the path specified. (0x3)
[1011/102428.648:ERROR:filesystem_win.cc(129)] GetFileAttributes C:\Users\Deepika\AppData\Local\Google\Chrome\User Data\Crashpad\attachments\95eac993-beeb-453e-8b71-a327e71d3263: The system cannot find the path specified. (0x3)
[1011/102428.648:ERROR:filesystem_win.cc(129)] GetFileAttributes C:\Users\Deepika\AppData\Local\Google\Chrome\User Data\Crashpad\attachments\b5896923-d3e1-4fb6-913d-0548d1998223: The system cannot find the path specified. (0x3)
[1011/102428.664:ERROR:filesystem_win.cc(129)] GetFileAttributes C:\Users\Deepika\AppData\Local\Google\Chrome\User Data\Crashpad\attachments\d5302c90-d199-49d0-b0f3-b88c4e586121: The system cannot find the path specified. (0x3)
[1011/102428.664:ERROR:filesystem_win.cc(129)] GetFileAttributes C:\Users\Deepika\AppData\Local\Google\Chrome\User Data\Crashpad\attachments\d9332b98-3cb5-458b-aa04-22d0dd5c465c: The system cannot find the path specified. (0x3)
[1011/102428.664:ERROR:filesystem_win.cc(129)] GetFileAttributes C:\Users\Deepika\AppData\Local\Google\Chrome\User Data\Crashpad\attachments\dd3888a3-c12e-483f-8973-5900745c2e87: The system cannot find the path specified. (0x3)
[1011/102428.664:ERROR:directory_reader_win.cc(43)] FindFirstFile: The system cannot find the path specified. (0x3)
[1013/083310.007:ERROR:directory_reader_win.cc(43)] FindFirstFile: The system cannot find the path specified. (0x3)
[1013/110840.421:ERROR:directory_reader_win.cc(43)] FindFirstFile: The system cannot find the path specified. (0x3)
[1017/071304.818:ERROR:directory_reader_win.cc(43)] FindFirstFile: The system cannot find the path specified. (0x3)
[1018/080821.400:ERROR:directory_reader_win.cc(43)] FindFirstFile: The system cannot find the path specified. (0x3)
[1019/032810.914:ERROR:directory_reader_win.cc(43)] FindFirstFile: The system cannot find the path specified. (0x3)
[1019/091137.312:ERROR:directory_reader_win.cc(43)] FindFirstFile: The system cannot find the path specified. (0x3)
[1020/005137.931:ERROR:directory_reader_win.cc(43)] FindFirstFile: The system cannot find the path specified. (0x3)
[1020/104153.061:ERROR:directory_reader_win.cc(43)] FindFirstFile: The system cannot find the path specified. (0x3)
[1021/005710.116:ERROR:directory_reader_win.cc(43)] FindFirstFile: The system cannot find the path specified. (0x3)
[1021/040035.769:ERROR:directory_reader_win.cc(43)] FindFirstFile: The system cannot find the path specified. (0x3)
[1021/070544.067:ERROR:directory_reader_win.cc(43)] FindFirstFile: The system cannot find the path specified. (0x3)
[1023/011239.987:ERROR:directory_reader_win.cc(43)] FindFirstFile: The system cannot find the path specified. (0x3)
[1024/001155.701:ERROR:directory_reader_win.cc(43)] FindFirstFile: The system cannot find the path specified. (0x3)
[1024/101816.540:ERROR:directory_reader_win.cc(43)] FindFirstFile: The system cannot find the path specified. (0x3)
[1025/052608.571:ERROR:directory_reader_win.cc(43)] FindFirstFile: The system cannot find the path specified. (0x3)
[1025/081441.568:ERROR:directory_reader_win.cc(43)] FindFirstFile: The system cannot find the path specified. (0x3)
[1025/100008.186:ERROR:directory_reader_win.cc(43)] FindFirstFile: The system cannot find the path specified. (0x3)
[1026/011231.257:ERROR:directory_reader_win.cc(43)] FindFirstFile: The system cannot find the path specified. (0x3)
[1026/061353.335:ERROR:directory_reader_win.cc(43)] FindFirstFile: The system cannot find the path specified. (0x3)
[1026/104123.289:ERROR:directory_reader_win.cc(43)] FindFirstFile: The system cannot find the path specified. (0x3)
[1026/222506.158:ERROR:directory_reader_win.cc(43)] FindFirstFile: The system cannot find the path specified. (0x3)
[1027/095830.399:ERROR:directory_reader_win.cc(43)] FindFirstFile: The system cannot find the path specified. (0x3)
[1028/061814.215:ERROR:directory_reader_win.cc(43)] FindFirstFile: The system cannot find the path specified. (0x3)
[1028/070705.839:ERROR:filesystem_win.cc(129)] GetFileAttributes C:\Users\Deepika\AppData\Local\Google\Chrome\User Data\Crashpad\attachments\e8b5e1e0-fbdb-4fd8-b756-a8d4c478b0a8: The system cannot find the path specified. (0x3)
[1030/024045.859:ERROR:directory_reader_win.cc(43)] FindFirstFile: The system cannot find the path specified. (0x3)
[1031/012336.011:ERROR:directory_reader_win.cc(43)] FindFirstFile: The system cannot find the path specified. (0x3)
[1102/063635.790:ERROR:directory_reader_win.cc(43)] FindFirstFile: The system cannot find the path specified. (0x3)
